<?xml version="1.0" encoding="UTF-8"?>
<coverage generated="1589990681032" clover="3.2.0">
  <project timestamp="1589990681032" name="All files">
    <metrics statements="16" coveredstatements="13" conditionals="0" coveredconditionals="0" methods="11" coveredmethods="5" elements="27" coveredelements="18" complexity="0" loc="16" ncloc="16" packages="5" files="5" classes="5"/>
    <package name="src">
      <metrics statements="2" coveredstatements="2" conditionals="0" coveredconditionals="0" methods="0" coveredmethods="0"/>
      <file name="App.vue" path="D:\Vue JS\Vue_Apps\test-app\src\App.vue">
        <metrics statements="2" coveredstatements="2" conditionals="0" coveredconditionals="0" methods="0" coveredmethods="0"/>
        <line num="16" count="1" type="stmt"/>
        <line num="17" count="1" type="stmt"/>
      </file>
    </package>
    <package name="src.plugins">
      <metrics statements="1" coveredstatements="0" conditionals="0" coveredconditionals="0" methods="0" coveredmethods="0"/>
      <file name="vuetify.js" path="D:\Vue JS\Vue_Apps\test-app\src\plugins\vuetify.js">
        <metrics statements="1" coveredstatements="0" conditionals="0" coveredconditionals="0" methods="0" coveredmethods="0"/>
        <line num="4" count="0" type="stmt"/>
      </file>
    </package>
    <package name="src.router">
      <metrics statements="4" coveredstatements="3" conditionals="0" coveredconditionals="0" methods="1" coveredmethods="0"/>
      <file name="index.js" path="D:\Vue JS\Vue_Apps\test-app\src\router\index.js">
        <metrics statements="4" coveredstatements="3" conditionals="0" coveredconditionals="0" methods="1" coveredmethods="0"/>
        <line num="5" count="1" type="stmt"/>
        <line num="7" count="1" type="stmt"/>
        <line num="19" count="0" type="stmt"/>
        <line num="23" count="1" type="stmt"/>
      </file>
    </package>
    <package name="src.service">
      <metrics statements="1" coveredstatements="1" conditionals="0" coveredconditionals="0" methods="1" coveredmethods="1"/>
      <file name="gallery.service.js" path="D:\Vue JS\Vue_Apps\test-app\src\service\gallery.service.js">
        <metrics statements="1" coveredstatements="1" conditionals="0" coveredconditionals="0" methods="1" coveredmethods="1"/>
        <line num="5" count="10" type="stmt"/>
      </file>
    </package>
    <package name="src.views">
      <metrics statements="8" coveredstatements="7" conditionals="0" coveredconditionals="0" methods="9" coveredmethods="4"/>
      <file name="ViewGallery.vue" path="D:\Vue JS\Vue_Apps\test-app\src\views\ViewGallery.vue">
        <metrics statements="8" coveredstatements="7" conditionals="0" coveredconditionals="0" methods="9" coveredmethods="4"/>
        <line num="43" count="1" type="stmt"/>
        <line num="47" count="8" type="stmt"/>
        <line num="55" count="8" type="stmt"/>
        <line num="61" count="1" type="stmt"/>
        <line num="62" count="1" type="stmt"/>
        <line num="67" count="1" type="stmt"/>
        <line num="68" count="1" type="stmt"/>
        <line num="73" count="0" type="stmt"/>
      </file>
    </package>
  </project>
</coverage>
