TN:
SF:D:\Vue JS\Vue_Apps\test-app\src\App.vue
FNF:0
FNH:0
DA:16,1
DA:17,1
LF:2
LH:2
BRF:0
BRH:0
end_of_record
TN:
SF:D:\Vue JS\Vue_Apps\test-app\src\plugins\vuetify.js
FNF:0
FNH:0
DA:4,0
LF:1
LH:0
BRF:0
BRH:0
end_of_record
TN:
SF:D:\Vue JS\Vue_Apps\test-app\src\router\index.js
FN:19,(anonymous_0)
FNF:1
FNH:0
FNDA:0,(anonymous_0)
DA:5,1
DA:7,1
DA:19,0
DA:23,1
LF:4
LH:3
BRF:0
BRH:0
end_of_record
TN:
SF:D:\Vue JS\Vue_Apps\test-app\src\service\gallery.service.js
FN:4,getImagePage
FNF:1
FNH:1
FNDA:10,getImagePage
DA:5,10
LF:1
LH:1
BRF:0
BRH:0
end_of_record
TN:
SF:D:\Vue JS\Vue_Apps\test-app\src\views\ViewGallery.vue
FN:46,(anonymous_1)
FN:54,(anonymous_2)
FN:55,(anonymous_3)
FN:60,(anonymous_4)
FN:62,(anonymous_5)
FN:66,(anonymous_6)
FN:68,(anonymous_7)
FN:72,(anonymous_8)
FN:73,(anonymous_9)
FNF:9
FNH:4
FNDA:8,(anonymous_1)
FNDA:8,(anonymous_2)
FNDA:0,(anonymous_3)
FNDA:1,(anonymous_4)
FNDA:0,(anonymous_5)
FNDA:1,(anonymous_6)
FNDA:0,(anonymous_7)
FNDA:0,(anonymous_8)
FNDA:0,(anonymous_9)
DA:43,1
DA:47,8
DA:55,8
DA:61,1
DA:62,1
DA:67,1
DA:68,1
DA:73,0
LF:8
LH:7
BRF:0
BRH:0
end_of_record
